#
# A fatal error has been detected by the Java Runtime Environment:
#
#  SIGSEGV (0xb) at pc=0x00007fff60a802c5, pid=13979, tid=5891
#
# JRE version: Java(TM) SE Runtime Environment (8.0_60-b27) (build 1.8.0_60-b27)
# Java VM: Java HotSpot(TM) 64-Bit Server VM (25.60-b23 mixed mode bsd-amd64 compressed oops)
# Problematic frame:
# C  [libc++abi.dylib+0x1f2c5]  __dynamic_cast+0x1a
#
# Failed to write core dump. Core dumps have been disabled. To enable core dumping, try "ulimit -c unlimited" before starting Java again
#
# If you would like to submit a bug report, please visit:
#   http://bugreport.java.com/bugreport/crash.jsp
# The crash happened outside the Java Virtual Machine in native code.
# See problematic frame for where to report the bug.
#

---------------  T H R E A D  ---------------

Current thread (0x00007ff7ea008800):  JavaThread "main" [_thread_in_native, id=5891, stack(0x000070000825b000,0x000070000835b000)]

siginfo: si_signo: 11 (SIGSEGV), si_code: 0 (unknown), si_addr: 0x0000000000000000

Registers:
RAX=0x00007fff95993188, RBX=0x00007fff9598faf0, RCX=0x0000000000000000, RDX=0x00007fff95989f00
RSP=0x000070000835a520, RBP=0x000070000835a5b0, RSI=0x00007fff9598faf0, RDI=0x006c006c00650048
R8 =0x0000000000000001, R9 =0x0000000000000000, R10=0x0000000105aed100, R11=0x0000000105adf760
R12=0x0000000000000000, R13=0x0000000000002002, R14=0x0000000000000001, R15=0x006c006c00650048
RIP=0x00007fff60a802c5, EFLAGS=0x0000000000010202, ERR=0x0000000000000000
  TRAPNO=0x000000000000000d

Top of Stack: (sp=0x000070000835a520)
0x000070000835a520:   0000000000000000 00007fff95989d10
0x000070000835a530:   00007ff7eb814e00 00007fff9598faf0
0x000070000835a540:   0000000000000000 00007ff7eb814e00
0x000070000835a550:   0000000000000000 0000000000000001
0x000070000835a560:   0000000100000000 0000000000000000
0x000070000835a570:   0001010100000001 00007fff9598faf0
0x000070000835a580:   00007fff95989d10 0000000000000000
0x000070000835a590:   0000000795609cc8 0000000000002002
0x000070000835a5a0:   0000000000000001 00007ff7eb814e00
0x000070000835a5b0:   000070000835a5d0 00007fff42eeb87c
0x000070000835a5c0:   00007ff7e9d1b850 0000000000000001
0x000070000835a5d0:   000070000835a630 00007fff42efa9a1
0x000070000835a5e0:   00007fff95989d10 0000000000000000
0x000070000835a5f0:   0000000000000008 00007ff7e9d1b530
0x000070000835a600:   0000000195609cc8 00007ff7eb814e00
0x000070000835a610:   0000000000000001 000000010b485e80
0x000070000835a620:   0000000795609cc8 0000000000000008
0x000070000835a630:   000070000835a670 00007fff42efa8e3
0x000070000835a640:   00007ff7e9d1b830 0000000000000000
0x000070000835a650:   000000010b485e80 0000000000000000
0x000070000835a660:   000070000835a7a8 00007ff7ea008800
0x000070000835a670:   000070000835a6f0 000000010e511395
0x000070000835a680:   000070000835a6a0 00000000ea008800
0x000070000835a690:   00007ff7e9d1b440 0000000795609cc8
0x000070000835a6a0:   0000000000000008 000000010b485e80
0x000070000835a6b0:   00007ff7eb814e00 000070000835a788
0x000070000835a6c0:   0000000000000008 000000010b485e80
0x000070000835a6d0:   000070000835a7a8 000070000835a778
0x000070000835a6e0:   00007ff7ea0089f8 00000000107237f2
0x000070000835a6f0:   000070000835a768 0000000110723954
0x000070000835a700:   000000010b485e80 000070000835a7a8
0x000070000835a710:   000070000835a768 00000001107236e7 

Instructions: (pc=0x00007fff60a802c5)
0x00007fff60a802a5:   41 0f 94 c7 eb e4 55 48 89 e5 41 57 41 56 41 55
0x00007fff60a802b5:   41 54 53 48 83 ec 68 49 89 cc 48 89 f3 49 89 ff
0x00007fff60a802c5:   49 8b 07 4c 8b 68 f0 4d 01 fd 4c 8b 70 f8 48 89
0x00007fff60a802d5:   55 d0 48 89 95 78 ff ff ff 4c 89 7d 80 48 89 5d 

Register to memory mapping:

RAX=0x00007fff95993188: clGetMemoryAnnotationListAPPLE+0x52a75cc8 in /System/Library/Frameworks/OpenCL.framework/Versions/A/OpenCL at 0x00007fff42edf000
RBX=0x00007fff9598faf0: clGetMemoryAnnotationListAPPLE+0x52a72630 in /System/Library/Frameworks/OpenCL.framework/Versions/A/OpenCL at 0x00007fff42edf000
RCX=0x0000000000000000 is an unknown value
RDX=0x00007fff95989f00: clGetMemoryAnnotationListAPPLE+0x52a6ca40 in /System/Library/Frameworks/OpenCL.framework/Versions/A/OpenCL at 0x00007fff42edf000
RSP=0x000070000835a520 is pointing into the stack for thread: 0x00007ff7ea008800
RBP=0x000070000835a5b0 is pointing into the stack for thread: 0x00007ff7ea008800
RSI=0x00007fff9598faf0: clGetMemoryAnnotationListAPPLE+0x52a72630 in /System/Library/Frameworks/OpenCL.framework/Versions/A/OpenCL at 0x00007fff42edf000
RDI=0x006c006c00650048 is an unknown value
R8 =0x0000000000000001 is an unknown value
R9 =0x0000000000000000 is an unknown value
R10=0x0000000105aed100: _ZN19TemplateInterpreter13_active_tableE+0x3800 in /Library/Java/JavaVirtualMachines/jdk1.8.0_60.jdk/Contents/Home/jre/lib/server/libjvm.dylib at 0x0000000105200000
R11=0x0000000105adf760: _ZN20SafepointSynchronize18_safepoint_counterE+0 in /Library/Java/JavaVirtualMachines/jdk1.8.0_60.jdk/Contents/Home/jre/lib/server/libjvm.dylib at 0x0000000105200000
R12=0x0000000000000000 is an unknown value
R13=0x0000000000002002 is an unknown value
R14=0x0000000000000001 is an unknown value
R15=0x006c006c00650048 is an unknown value


Stack: [0x000070000825b000,0x000070000835b000],  sp=0x000070000835a520,  free space=1021k
Native frames: (J=compiled Java code, j=interpreted, Vv=VM code, C=native code)
C  [libc++abi.dylib+0x1f2c5]  __dynamic_cast+0x1a
C  [OpenCL+0xc87c]  clLogMessagesToStderrAPPLE+0x32c
C  [OpenCL+0x1b9a1]  clSetKernelArg+0x104
C  [OpenCL+0x1b8e3]  clSetKernelArg+0x46
C  [libJOCL_2_0_0-apple-x86_64.dylib+0xb395]  Java_org_jocl_CL_clSetKernelArgNative+0x105
j  org.jocl.CL.clSetKernelArgNative(Lorg/jocl/cl_kernel;IJLorg/jocl/Pointer;)I+0
j  org.jocl.CL.clSetKernelArg(Lorg/jocl/cl_kernel;IJLorg/jocl/Pointer;)I+5
j  gpuhash.functions.Sha256.init(I)V+346
j  gpuhash.GPUhash.main([Ljava/lang/String;)V+18
v  ~StubRoutines::call_stub
V  [libjvm.dylib+0x2eab0e]
V  [libjvm.dylib+0x321820]
V  [libjvm.dylib+0x31a59a]
C  [java+0x393e]  JavaMain+0x9b1
C  [libsystem_pthread.dylib+0x3661]  _pthread_body+0x154
C  [libsystem_pthread.dylib+0x350d]  _pthread_body+0x0
C  [libsystem_pthread.dylib+0x2bf9]  thread_start+0xd
C  0x0000000000000000

Java frames: (J=compiled Java code, j=interpreted, Vv=VM code)
j  org.jocl.CL.clSetKernelArgNative(Lorg/jocl/cl_kernel;IJLorg/jocl/Pointer;)I+0
j  org.jocl.CL.clSetKernelArg(Lorg/jocl/cl_kernel;IJLorg/jocl/Pointer;)I+5
j  gpuhash.functions.Sha256.init(I)V+346
j  gpuhash.GPUhash.main([Ljava/lang/String;)V+18
v  ~StubRoutines::call_stub

---------------  P R O C E S S  ---------------

Java Threads: ( => current thread )
  0x00007ff7eb005000 JavaThread "Service Thread" daemon [_thread_blocked, id=17667, stack(0x0000700008f02000,0x0000700009002000)]
  0x00007ff7eb004800 JavaThread "C1 CompilerThread2" daemon [_thread_blocked, id=17923, stack(0x0000700008dff000,0x0000700008eff000)]
  0x00007ff7ea842000 JavaThread "C2 CompilerThread1" daemon [_thread_blocked, id=13827, stack(0x0000700008cfc000,0x0000700008dfc000)]
  0x00007ff7ea80d000 JavaThread "C2 CompilerThread0" daemon [_thread_blocked, id=18435, stack(0x0000700008bf9000,0x0000700008cf9000)]
  0x00007ff7ea80c000 JavaThread "Signal Dispatcher" daemon [_thread_blocked, id=13575, stack(0x0000700008af6000,0x0000700008bf6000)]
  0x00007ff7eb808800 JavaThread "Finalizer" daemon [_thread_blocked, id=11523, stack(0x0000700008970000,0x0000700008a70000)]
  0x00007ff7ea036000 JavaThread "Reference Handler" daemon [_thread_blocked, id=20739, stack(0x000070000886d000,0x000070000896d000)]
=>0x00007ff7ea008800 JavaThread "main" [_thread_in_native, id=5891, stack(0x000070000825b000,0x000070000835b000)]

Other Threads:
  0x00007ff7eb018000 VMThread [stack: 0x000070000876a000,0x000070000886a000] [id=11011]
  0x00007ff7ea82f800 WatcherThread [stack: 0x0000700009005000,0x0000700009105000] [id=14595]

VM state:not at safepoint (normal execution)

VM Mutex/Monitor currently owned by a thread: None

Heap:
 PSYoungGen      total 38400K, used 3057K [0x0000000795580000, 0x0000000798000000, 0x00000007c0000000)
  eden space 33280K, 9% used [0x0000000795580000,0x000000079587c500,0x0000000797600000)
  from space 5120K, 0% used [0x0000000797b00000,0x0000000797b00000,0x0000000798000000)
  to   space 5120K, 0% used [0x0000000797600000,0x0000000797600000,0x0000000797b00000)
 ParOldGen       total 87552K, used 0K [0x0000000740000000, 0x0000000745580000, 0x0000000795580000)
  object space 87552K, 0% used [0x0000000740000000,0x0000000740000000,0x0000000745580000)
 Metaspace       used 3364K, capacity 4728K, committed 4864K, reserved 1056768K
  class space    used 367K, capacity 424K, committed 512K, reserved 1048576K

Card table byte_map: [0x000000010659a000,0x000000010699b000] byte_map_base: 0x0000000102b9a000

Marking Bits: (ParMarkBitMap*) 0x0000000105adee20
 Begin Bits: [0x0000000106c46000, 0x0000000108c46000)
 End Bits:   [0x0000000108c46000, 0x000000010ac46000)

Polling page: 0x00000001049f8000

CodeCache: size=245760Kb used=1206Kb max_used=1206Kb free=244553Kb
 bounds [0x000000011070e000, 0x000000011097e000, 0x000000011f70e000]
 total_blobs=337 nmethods=67 adapters=184
 compilation: enabled

Compilation events (10 events):
Event: 0.361 Thread 0x00007ff7eb004800   63       3       java.lang.StringBuilder::<init> (7 bytes)
Event: 0.361 Thread 0x00007ff7eb004800 nmethod 63 0x0000000110837a50 code [0x0000000110837bc0, 0x0000000110837e70]
Event: 0.361 Thread 0x00007ff7eb004800   65   !   3       java.io.BufferedReader::readLine (304 bytes)
Event: 0.365 Thread 0x00007ff7eb004800 nmethod 65 0x0000000110837f90 code [0x0000000110838240, 0x00000001108399a8]
Event: 0.365 Thread 0x00007ff7eb004800   64       3       java.lang.StringBuilder::toString (17 bytes)
Event: 0.365 Thread 0x00007ff7eb004800 nmethod 64 0x000000011083a7d0 code [0x000000011083a940, 0x000000011083ab48]
Event: 0.365 Thread 0x00007ff7eb004800   66       3       java.util.concurrent.ConcurrentHashMap::spread (10 bytes)
Event: 0.365 Thread 0x00007ff7eb004800 nmethod 66 0x000000011083ac10 code [0x000000011083ad60, 0x000000011083aeb0]
Event: 0.366 Thread 0x00007ff7eb004800   67       3       java.lang.String::replace (127 bytes)
Event: 0.367 Thread 0x00007ff7eb004800 nmethod 67 0x000000011083af10 code [0x000000011083b0c0, 0x000000011083b770]

GC Heap History (0 events):
No events

Deoptimization events (0 events):
No events

Internal exceptions (2 events):
Event: 0.106 Thread 0x00007ff7ea008800 Exception <a 'java/lang/NoSuchMethodError': Method sun.misc.Unsafe.defineClass(Ljava/lang/String;[BII)Ljava/lang/Class; name or signature does not match> (0x0000000795592c58) thrown at [/Users/java_re/workspace/8-2-build-macosx-x86_64/jdk8u60/4407/hotspot
Event: 0.106 Thread 0x00007ff7ea008800 Exception <a 'java/lang/NoSuchMethodError': Method sun.misc.Unsafe.prefetchRead(Ljava/lang/Object;J)V name or signature does not match> (0x0000000795592f40) thrown at [/Users/java_re/workspace/8-2-build-macosx-x86_64/jdk8u60/4407/hotspot/src/share/vm/prim

Events (10 events):
Event: 0.326 loading class java/util/concurrent/locks/Condition done
Event: 0.326 loading class java/util/concurrent/locks/AbstractQueuedSynchronizer$ConditionObject done
Event: 0.327 loading class org/jocl/cl_context_properties
Event: 0.327 loading class org/jocl/cl_context_properties done
Event: 0.327 loading class org/jocl/cl_abstract_properties
Event: 0.327 loading class org/jocl/cl_abstract_properties done
Event: 0.328 loading class java/nio/HeapLongBuffer
Event: 0.329 loading class java/nio/HeapLongBuffer done
Event: 0.365 loading class org/jocl/Sizeof
Event: 0.365 loading class org/jocl/Sizeof done


Dynamic libraries:
0x0000000012bfb000 	/System/Library/Frameworks/Cocoa.framework/Versions/A/Cocoa
0x0000000012bfb000 	/System/Library/Frameworks/Security.framework/Versions/A/Security
0x0000000012bfb000 	/System/Library/Frameworks/ApplicationServices.framework/Versions/A/ApplicationServices
0x0000000012bfb000 	/usr/lib/libz.1.dylib
0x0000000012bfb000 	/usr/lib/libSystem.B.dylib
0x0000000012bfb000 	/usr/lib/libobjc.A.dylib
0x0000000012bfb000 	/System/Library/Frameworks/CoreFoundation.framework/Versions/A/CoreFoundation
0x0000000012bfb000 	/System/Library/Frameworks/Foundation.framework/Versions/C/Foundation
0x0000000012bfb000 	/System/Library/Frameworks/AppKit.framework/Versions/C/AppKit
0x0000000012bfb000 	/System/Library/Frameworks/CoreData.framework/Versions/A/CoreData
0x0000000012bfb000 	/System/Library/PrivateFrameworks/RemoteViewServices.framework/Versions/A/RemoteViewServices
0x0000000012bfb000 	/System/Library/PrivateFrameworks/UIFoundation.framework/Versions/A/UIFoundation
0x0000000012bfb000 	/System/Library/PrivateFrameworks/DFRFoundation.framework/Versions/A/DFRFoundation
0x0000000012bfb000 	/System/Library/Frameworks/Metal.framework/Versions/A/Metal
0x0000000012bfb000 	/System/Library/PrivateFrameworks/DesktopServicesPriv.framework/Versions/A/DesktopServicesPriv
0x0000000012bfb000 	/usr/lib/libenergytrace.dylib
0x0000000012bfb000 	/System/Library/PrivateFrameworks/SkyLight.framework/Versions/A/SkyLight
0x0000000012bfb000 	/System/Library/Frameworks/CoreGraphics.framework/Versions/A/CoreGraphics
0x0000000012bfb000 	/usr/lib/libScreenReader.dylib
0x0000000012bfb000 	/System/Library/Frameworks/Accelerate.framework/Versions/A/Accelerate
0x0000000012bfb000 	/System/Library/Frameworks/IOSurface.framework/Versions/A/IOSurface
0x0000000012bfb000 	/System/Library/Frameworks/AudioToolbox.framework/Versions/A/AudioToolbox
0x0000000012bfb000 	/System/Library/Frameworks/AudioUnit.framework/Versions/A/AudioUnit
0x0000000012bfb000 	/System/Library/PrivateFrameworks/DataDetectorsCore.framework/Versions/A/DataDetectorsCore
0x0000000012bfb000 	/System/Library/Frameworks/Carbon.framework/Versions/A/Frameworks/HIToolbox.framework/Versions/A/HIToolbox
0x0000000012bfb000 	/usr/lib/libicucore.A.dylib
0x0000000012bfb000 	/System/Library/Frameworks/QuartzCore.framework/Versions/A/QuartzCore
0x0000000012bfb000 	/System/Library/PrivateFrameworks/SignpostNotification.framework/Versions/A/SignpostNotification
0x0000000012bfb000 	/System/Library/Frameworks/Carbon.framework/Versions/A/Frameworks/SpeechRecognition.framework/Versions/A/SpeechRecognition
0x0000000012bfb000 	/usr/lib/libauto.dylib
0x0000000012bfb000 	/usr/lib/libxml2.2.dylib
0x0000000012bfb000 	/System/Library/PrivateFrameworks/CoreUI.framework/Versions/A/CoreUI
0x0000000012bfb000 	/System/Library/Frameworks/CoreAudio.framework/Versions/A/CoreAudio
0x0000000012bfb000 	/System/Library/Frameworks/DiskArbitration.framework/Versions/A/DiskArbitration
0x0000000012bfb000 	/usr/lib/liblangid.dylib
0x0000000012bfb000 	/System/Library/PrivateFrameworks/MultitouchSupport.framework/Versions/A/MultitouchSupport
0x0000000012bfb000 	/System/Library/Frameworks/IOKit.framework/Versions/A/IOKit
0x0000000012bfb000 	/usr/lib/libDiagnosticMessagesClient.dylib
0x0000000012bfb000 	/System/Library/Frameworks/CoreServices.framework/Versions/A/CoreServices
0x0000000012bfb000 	/System/Library/PrivateFrameworks/PerformanceAnalysis.framework/Versions/A/PerformanceAnalysis
0x0000000012bfb000 	/System/Library/Frameworks/OpenGL.framework/Versions/A/OpenGL
0x0000000012bfb000 	/System/Library/Frameworks/ColorSync.framework/Versions/A/ColorSync
0x0000000012bfb000 	/System/Library/Frameworks/CoreImage.framework/Versions/A/CoreImage
0x0000000012bfb000 	/System/Library/Frameworks/CoreText.framework/Versions/A/CoreText
0x0000000012bfb000 	/System/Library/Frameworks/ImageIO.framework/Versions/A/ImageIO
0x0000000012bfb000 	/System/Library/PrivateFrameworks/Backup.framework/Versions/A/Backup
0x0000000012bfb000 	/usr/lib/libarchive.2.dylib
0x0000000012bfb000 	/System/Library/Frameworks/CFNetwork.framework/Versions/A/CFNetwork
0x0000000012bfb000 	/System/Library/Frameworks/SystemConfiguration.framework/Versions/A/SystemConfiguration
0x0000000012bfb000 	/usr/lib/libCRFSuite.dylib
0x0000000012bfb000 	/usr/lib/libc++.1.dylib
0x0000000012bfb000 	/usr/lib/libc++abi.dylib
0x0000000012bfb000 	/usr/lib/system/libcache.dylib
0x0000000012bfb000 	/usr/lib/system/libcommonCrypto.dylib
0x0000000012bfb000 	/usr/lib/system/libcompiler_rt.dylib
0x0000000012bfb000 	/usr/lib/system/libcopyfile.dylib
0x0000000012bfb000 	/usr/lib/system/libcorecrypto.dylib
0x0000000012bfb000 	/usr/lib/system/libdispatch.dylib
0x0000000012bfb000 	/usr/lib/system/libdyld.dylib
0x0000000012bfb000 	/usr/lib/system/libkeymgr.dylib
0x0000000012bfb000 	/usr/lib/system/liblaunch.dylib
0x0000000012bfb000 	/usr/lib/system/libmacho.dylib
0x0000000012bfb000 	/usr/lib/system/libquarantine.dylib
0x0000000012bfb000 	/usr/lib/system/libremovefile.dylib
0x0000000012bfb000 	/usr/lib/system/libsystem_asl.dylib
0x0000000012bfb000 	/usr/lib/system/libsystem_blocks.dylib
0x0000000012bfb000 	/usr/lib/system/libsystem_c.dylib
0x0000000012bfb000 	/usr/lib/system/libsystem_configuration.dylib
0x0000000012bfb000 	/usr/lib/system/libsystem_coreservices.dylib
0x0000000012bfb000 	/usr/lib/system/libsystem_darwin.dylib
0x0000000012bfb000 	/usr/lib/system/libsystem_dnssd.dylib
0x0000000012bfb000 	/usr/lib/system/libsystem_info.dylib
0x0000000012bfb000 	/usr/lib/system/libsystem_m.dylib
0x0000000012bfb000 	/usr/lib/system/libsystem_malloc.dylib
0x0000000012bfb000 	/usr/lib/system/libsystem_network.dylib
0x0000000012bfb000 	/usr/lib/system/libsystem_networkextension.dylib
0x0000000012bfb000 	/usr/lib/system/libsystem_notify.dylib
0x0000000012bfb000 	/usr/lib/system/libsystem_sandbox.dylib
0x0000000012bfb000 	/usr/lib/system/libsystem_secinit.dylib
0x0000000012bfb000 	/usr/lib/system/libsystem_kernel.dylib
0x0000000012bfb000 	/usr/lib/system/libsystem_platform.dylib
0x0000000012bfb000 	/usr/lib/system/libsystem_pthread.dylib
0x0000000012bfb000 	/usr/lib/system/libsystem_symptoms.dylib
0x0000000012bfb000 	/usr/lib/system/libsystem_trace.dylib
0x0000000012bfb000 	/usr/lib/system/libunwind.dylib
0x0000000012bfb000 	/usr/lib/system/libxpc.dylib
0x0000000012bfb000 	/usr/lib/closure/libclosured.dylib
0x0000000012bfb000 	/usr/lib/libbsm.0.dylib
0x0000000012bfb000 	/usr/lib/system/libkxld.dylib
0x0000000012bfb000 	/usr/lib/libOpenScriptingUtil.dylib
0x0000000012bfb000 	/usr/lib/libcoretls.dylib
0x0000000012bfb000 	/usr/lib/libcoretls_cfhelpers.dylib
0x0000000012bfb000 	/usr/lib/libpam.2.dylib
0x0000000012bfb000 	/usr/lib/libsqlite3.dylib
0x0000000012bfb000 	/usr/lib/libxar.1.dylib
0x0000000012bfb000 	/usr/lib/libbz2.1.0.dylib
0x0000000012bfb000 	/usr/lib/liblzma.5.dylib
0x0000000012bfb000 	/usr/lib/libnetwork.dylib
0x0000000012bfb000 	/usr/lib/libapple_nghttp2.dylib
0x0000000012bfb000 	/usr/lib/libpcap.A.dylib
0x0000000012bfb000 	/usr/lib/libboringssl.dylib
0x0000000012bfb000 	/usr/lib/libusrtcp.dylib
0x0000000012bfb000 	/usr/lib/libapple_crypto.dylib
0x0000000012bfb000 	/System/Library/Frameworks/CoreServices.framework/Versions/A/Frameworks/FSEvents.framework/Versions/A/FSEvents
0x0000000012bfb000 	/System/Library/Frameworks/CoreServices.framework/Versions/A/Frameworks/CarbonCore.framework/Versions/A/CarbonCore
0x0000000012bfb000 	/System/Library/Frameworks/CoreServices.framework/Versions/A/Frameworks/Metadata.framework/Versions/A/Metadata
0x0000000012bfb000 	/System/Library/Frameworks/CoreServices.framework/Versions/A/Frameworks/OSServices.framework/Versions/A/OSServices
0x0000000012bfb000 	/System/Library/Frameworks/CoreServices.framework/Versions/A/Frameworks/SearchKit.framework/Versions/A/SearchKit
0x0000000012bfb000 	/System/Library/Frameworks/CoreServices.framework/Versions/A/Frameworks/AE.framework/Versions/A/AE
0x0000000012bfb000 	/System/Library/Frameworks/CoreServices.framework/Versions/A/Frameworks/LaunchServices.framework/Versions/A/LaunchServices
0x0000000012bfb000 	/System/Library/Frameworks/CoreServices.framework/Versions/A/Frameworks/DictionaryServices.framework/Versions/A/DictionaryServices
0x0000000012bfb000 	/System/Library/Frameworks/CoreServices.framework/Versions/A/Frameworks/SharedFileList.framework/Versions/A/SharedFileList
0x0000000012bfb000 	/System/Library/Frameworks/NetFS.framework/Versions/A/NetFS
0x0000000012bfb000 	/System/Library/PrivateFrameworks/NetAuth.framework/Versions/A/NetAuth
0x0000000012bfb000 	/System/Library/PrivateFrameworks/login.framework/Versions/A/Frameworks/loginsupport.framework/Versions/A/loginsupport
0x0000000012bfb000 	/System/Library/PrivateFrameworks/TCC.framework/Versions/A/TCC
0x0000000012bfb000 	/usr/lib/libmecabra.dylib
0x0000000012bfb000 	/System/Library/Frameworks/ApplicationServices.framework/Versions/A/Frameworks/ATS.framework/Versions/A/ATS
0x0000000012bfb000 	/System/Library/Frameworks/ApplicationServices.framework/Versions/A/Frameworks/ColorSyncLegacy.framework/Versions/A/ColorSyncLegacy
0x0000000012bfb000 	/System/Library/Frameworks/ApplicationServices.framework/Versions/A/Frameworks/HIServices.framework/Versions/A/HIServices
0x0000000012bfb000 	/System/Library/Frameworks/ApplicationServices.framework/Versions/A/Frameworks/LangAnalysis.framework/Versions/A/LangAnalysis
0x0000000012bfb000 	/System/Library/Frameworks/ApplicationServices.framework/Versions/A/Frameworks/PrintCore.framework/Versions/A/PrintCore
0x0000000012bfb000 	/System/Library/Frameworks/ApplicationServices.framework/Versions/A/Frameworks/QD.framework/Versions/A/QD
0x0000000012bfb000 	/System/Library/Frameworks/ApplicationServices.framework/Versions/A/Frameworks/SpeechSynthesis.framework/Versions/A/SpeechSynthesis
0x0000000012bfb000 	/System/Library/Frameworks/CoreDisplay.framework/Versions/A/CoreDisplay
0x0000000012bfb000 	/System/Library/Frameworks/Accelerate.framework/Versions/A/Frameworks/vImage.framework/Versions/A/vImage
0x0000000012bfb000 	/System/Library/Frameworks/Accelerate.framework/Versions/A/Frameworks/vecLib.framework/Versions/A/vecLib
0x0000000012bfb000 	/System/Library/Frameworks/Accelerate.framework/Versions/A/Frameworks/vecLib.framework/Versions/A/libvDSP.dylib
0x0000000012bfb000 	/System/Library/Frameworks/Accelerate.framework/Versions/A/Frameworks/vecLib.framework/Versions/A/libBNNS.dylib
0x0000000012bfb000 	/System/Library/Frameworks/Accelerate.framework/Versions/A/Frameworks/vecLib.framework/Versions/A/libQuadrature.dylib
0x0000000012bfb000 	/System/Library/Frameworks/Accelerate.framework/Versions/A/Frameworks/vecLib.framework/Versions/A/libvMisc.dylib
0x0000000012bfb000 	/System/Library/Frameworks/Accelerate.framework/Versions/A/Frameworks/vecLib.framework/Versions/A/libLAPACK.dylib
0x0000000012bfb000 	/System/Library/Frameworks/Accelerate.framework/Versions/A/Frameworks/vecLib.framework/Versions/A/libBLAS.dylib
0x0000000012bfb000 	/System/Library/Frameworks/Accelerate.framework/Versions/A/Frameworks/vecLib.framework/Versions/A/libLinearAlgebra.dylib
0x0000000012bfb000 	/System/Library/Frameworks/Accelerate.framework/Versions/A/Frameworks/vecLib.framework/Versions/A/libSparse.dylib
0x0000000012bfb000 	/System/Library/Frameworks/Accelerate.framework/Versions/A/Frameworks/vecLib.framework/Versions/A/libSparseBLAS.dylib
0x0000000012bfb000 	/System/Library/PrivateFrameworks/GPUWrangler.framework/Versions/A/GPUWrangler
0x0000000012bfb000 	/System/Library/PrivateFrameworks/IOAccelerator.framework/Versions/A/IOAccelerator
0x0000000012bfb000 	/System/Library/PrivateFrameworks/IOPresentment.framework/Versions/A/IOPresentment
0x0000000012bfb000 	/System/Library/PrivateFrameworks/DSExternalDisplay.framework/Versions/A/DSExternalDisplay
0x0000000012bfb000 	/System/Library/Frameworks/OpenGL.framework/Versions/A/Libraries/libCoreFSCache.dylib
0x0000000012bfb000 	/System/Library/Frameworks/CoreVideo.framework/Versions/A/CoreVideo
0x0000000012bfb000 	/System/Library/PrivateFrameworks/GraphVisualizer.framework/Versions/A/GraphVisualizer
0x0000000012bfb000 	/System/Library/Frameworks/MetalPerformanceShaders.framework/Versions/A/MetalPerformanceShaders
0x0000000012bfb000 	/usr/lib/libFosl_dynamic.dylib
0x0000000012bfb000 	/System/Library/PrivateFrameworks/FaceCore.framework/Versions/A/FaceCore
0x0000000012bfb000 	/System/Library/Frameworks/OpenCL.framework/Versions/A/OpenCL
0x0000000012bfb000 	/usr/lib/libcompression.dylib
0x0000000012bfb000 	/System/Library/Frameworks/ApplicationServices.framework/Versions/A/Frameworks/ATS.framework/Versions/A/Resources/libFontParser.dylib
0x0000000012bfb000 	/System/Library/Frameworks/ApplicationServices.framework/Versions/A/Frameworks/ATS.framework/Versions/A/Resources/libFontRegistry.dylib
0x0000000012bfb000 	/System/Library/Frameworks/ImageIO.framework/Versions/A/Resources/libJPEG.dylib
0x0000000012bfb000 	/System/Library/Frameworks/ImageIO.framework/Versions/A/Resources/libTIFF.dylib
0x0000000012bfb000 	/System/Library/Frameworks/ImageIO.framework/Versions/A/Resources/libPng.dylib
0x0000000012bfb000 	/System/Library/Frameworks/ImageIO.framework/Versions/A/Resources/libGIF.dylib
0x0000000012bfb000 	/System/Library/Frameworks/ImageIO.framework/Versions/A/Resources/libJP2.dylib
0x0000000012bfb000 	/System/Library/Frameworks/ImageIO.framework/Versions/A/Resources/libRadiance.dylib
0x0000000012bfb000 	/System/Library/PrivateFrameworks/AppleJPEG.framework/Versions/A/AppleJPEG
0x0000000012bfb000 	/System/Library/Frameworks/MetalPerformanceShaders.framework/Frameworks/MPSCore.framework/Versions/A/MPSCore
0x0000000012bfb000 	/System/Library/Frameworks/MetalPerformanceShaders.framework/Frameworks/MPSImage.framework/Versions/A/MPSImage
0x0000000012bfb000 	/System/Library/Frameworks/MetalPerformanceShaders.framework/Frameworks/MPSNeuralNetwork.framework/Versions/A/MPSNeuralNetwork
0x0000000012bfb000 	/System/Library/Frameworks/MetalPerformanceShaders.framework/Frameworks/MPSMatrix.framework/Versions/A/MPSMatrix
0x0000000012bfb000 	/System/Library/PrivateFrameworks/MetalTools.framework/Versions/A/MetalTools
0x0000000012bfb000 	/System/Library/Frameworks/OpenGL.framework/Versions/A/Libraries/libGLU.dylib
0x0000000012bfb000 	/System/Library/Frameworks/OpenGL.framework/Versions/A/Libraries/libGFXShared.dylib
0x0000000012bfb000 	/System/Library/Frameworks/OpenGL.framework/Versions/A/Libraries/libGL.dylib
0x0000000012bfb000 	/System/Library/Frameworks/OpenGL.framework/Versions/A/Libraries/libGLImage.dylib
0x0000000012bfb000 	/System/Library/Frameworks/OpenGL.framework/Versions/A/Libraries/libCVMSPluginSupport.dylib
0x0000000012bfb000 	/System/Library/Frameworks/OpenGL.framework/Versions/A/Libraries/libCoreVMClient.dylib
0x0000000012bfb000 	/usr/lib/libcups.2.dylib
0x0000000012bfb000 	/System/Library/Frameworks/Kerberos.framework/Versions/A/Kerberos
0x0000000012bfb000 	/System/Library/Frameworks/GSS.framework/Versions/A/GSS
0x0000000012bfb000 	/usr/lib/libresolv.9.dylib
0x0000000012bfb000 	/usr/lib/libiconv.2.dylib
0x0000000012bfb000 	/System/Library/PrivateFrameworks/Heimdal.framework/Versions/A/Heimdal
0x0000000012bfb000 	/usr/lib/libheimdal-asn1.dylib
0x0000000012bfb000 	/System/Library/Frameworks/OpenDirectory.framework/Versions/A/OpenDirectory
0x0000000012bfb000 	/System/Library/PrivateFrameworks/CommonAuth.framework/Versions/A/CommonAuth
0x0000000012bfb000 	/System/Library/Frameworks/OpenDirectory.framework/Versions/A/Frameworks/CFOpenDirectory.framework/Versions/A/CFOpenDirectory
0x0000000012bfb000 	/System/Library/Frameworks/SecurityFoundation.framework/Versions/A/SecurityFoundation
0x0000000012bfb000 	/System/Library/PrivateFrameworks/APFS.framework/Versions/A/APFS
0x0000000012bfb000 	/usr/lib/libutil.dylib
0x0000000012bfb000 	/System/Library/PrivateFrameworks/AppleSauce.framework/Versions/A/AppleSauce
0x0000000012bfb000 	/System/Library/PrivateFrameworks/LinguisticData.framework/Versions/A/LinguisticData
0x0000000012bfb000 	/usr/lib/libmarisa.dylib
0x0000000012bfb000 	/System/Library/PrivateFrameworks/Lexicon.framework/Versions/A/Lexicon
0x0000000012bfb000 	/usr/lib/libChineseTokenizer.dylib
0x0000000012bfb000 	/usr/lib/libcmph.dylib
0x0000000012bfb000 	/System/Library/PrivateFrameworks/LanguageModeling.framework/Versions/A/LanguageModeling
0x0000000012bfb000 	/System/Library/PrivateFrameworks/CoreEmoji.framework/Versions/A/CoreEmoji
0x0000000012bfb000 	/System/Library/Frameworks/ServiceManagement.framework/Versions/A/ServiceManagement
0x0000000012bfb000 	/System/Library/PrivateFrameworks/BackgroundTaskManagement.framework/Versions/A/BackgroundTaskManagement
0x0000000012bfb000 	/usr/lib/libxslt.1.dylib
0x0000000012bfb000 	/System/Library/Frameworks/Carbon.framework/Versions/A/Frameworks/Ink.framework/Versions/A/Ink
0x0000000012bfb000 	/System/Library/PrivateFrameworks/TextureIO.framework/Versions/A/TextureIO
0x0000000012bfb000 	/usr/lib/libate.dylib
0x0000000012bfb000 	/System/Library/PrivateFrameworks/CrashReporterSupport.framework/Versions/A/CrashReporterSupport
0x0000000012bfb000 	/System/Library/PrivateFrameworks/Sharing.framework/Versions/A/Sharing
0x0000000012bfb000 	/System/Library/PrivateFrameworks/IconServices.framework/Versions/A/IconServices
0x0000000012bfb000 	/System/Library/PrivateFrameworks/Apple80211.framework/Versions/A/Apple80211
0x0000000012bfb000 	/System/Library/PrivateFrameworks/CoreUtils.framework/Versions/A/CoreUtils
0x0000000012bfb000 	/System/Library/Frameworks/CoreWLAN.framework/Versions/A/CoreWLAN
0x0000000012bfb000 	/System/Library/Frameworks/IOBluetooth.framework/Versions/A/IOBluetooth
0x0000000012bfb000 	/System/Library/PrivateFrameworks/ProtocolBuffer.framework/Versions/A/ProtocolBuffer
0x0000000012bfb000 	/System/Library/PrivateFrameworks/CoreWiFi.framework/Versions/A/CoreWiFi
0x0000000012bfb000 	/System/Library/Frameworks/CoreBluetooth.framework/Versions/A/CoreBluetooth
0x0000000012bfb000 	/System/Library/PrivateFrameworks/DebugSymbols.framework/Versions/A/DebugSymbols
0x0000000012bfb000 	/System/Library/PrivateFrameworks/CoreSymbolication.framework/Versions/A/CoreSymbolication
0x0000000012bfb000 	/System/Library/PrivateFrameworks/Symbolication.framework/Versions/A/Symbolication
0x0000000012bfb000 	/System/Library/PrivateFrameworks/AppleFSCompression.framework/Versions/A/AppleFSCompression
0x0000000012bfb000 	/System/Library/PrivateFrameworks/SpeechRecognitionCore.framework/Versions/A/SpeechRecognitionCore
0x0000000105200000 	/Library/Java/JavaVirtualMachines/jdk1.8.0_60.jdk/Contents/Home/jre/lib/server/libjvm.dylib
0x0000000012bfb000 	/usr/lib/libstdc++.6.0.9.dylib
0x00000001049b5000 	/Library/Java/JavaVirtualMachines/jdk1.8.0_60.jdk/Contents/Home/jre/lib/libverify.dylib
0x00000001049c3000 	/Library/Java/JavaVirtualMachines/jdk1.8.0_60.jdk/Contents/Home/jre/lib/libjava.dylib
0x00000001061d1000 	/Library/Java/JavaVirtualMachines/jdk1.8.0_60.jdk/Contents/Home/jre/lib/libzip.dylib
0x0000000012bfb000 	/System/Library/Frameworks/JavaVM.framework/Versions/A/Frameworks/JavaRuntimeSupport.framework/Versions/A/JavaRuntimeSupport
0x0000000012bfb000 	/System/Library/Frameworks/JavaVM.framework/Versions/A/Frameworks/JavaNativeFoundation.framework/Versions/A/JavaNativeFoundation
0x0000000012bfb000 	/System/Library/Frameworks/JavaVM.framework/Versions/A/JavaVM
0x0000000012bfb000 	/System/Library/Frameworks/Carbon.framework/Versions/A/Carbon
0x0000000012bfb000 	/System/Library/PrivateFrameworks/JavaLaunching.framework/Versions/A/JavaLaunching
0x0000000012bfb000 	/System/Library/Frameworks/Carbon.framework/Versions/A/Frameworks/CommonPanels.framework/Versions/A/CommonPanels
0x0000000012bfb000 	/System/Library/Frameworks/Carbon.framework/Versions/A/Frameworks/Help.framework/Versions/A/Help
0x0000000012bfb000 	/System/Library/Frameworks/Carbon.framework/Versions/A/Frameworks/ImageCapture.framework/Versions/A/ImageCapture
0x0000000012bfb000 	/System/Library/Frameworks/Carbon.framework/Versions/A/Frameworks/OpenScripting.framework/Versions/A/OpenScripting
0x0000000012bfb000 	/System/Library/Frameworks/Carbon.framework/Versions/A/Frameworks/Print.framework/Versions/A/Print
0x0000000012bfb000 	/System/Library/Frameworks/Carbon.framework/Versions/A/Frameworks/SecurityHI.framework/Versions/A/SecurityHI
0x000000010e506000 	/private/var/folders/p9/qhkh8m1j4v58jrq2zvqf66bc0000gn/T/libJOCL_2_0_0-apple-x86_64.dylib
0x0000000012bfb000 	/System/Library/Frameworks/OpenCL.framework/Versions/A/Libraries/libcldcpuengine.dylib
0x0000000012bfb000 	/usr/lib/libcrypto.35.dylib
0x0000000012bfb000 	/System/Library/PrivateFrameworks/TrustEvaluationAgent.framework/Versions/A/TrustEvaluationAgent
0x000000010e541000 	/System/Library/Extensions/AppleIntelBDWGraphicsGLDriver.bundle/Contents/MacOS/AppleIntelBDWGraphicsGLDriver
0x0000000012bfb000 	/System/Library/Frameworks/OpenGL.framework/Versions/A/Libraries/libGLProgrammability.dylib
0x0000000012bfb000 	/System/Library/PrivateFrameworks/GPUSupport.framework/Versions/A/Libraries/libGPUSupportMercury.dylib
0x0000000012bfb000 	/System/Library/Frameworks/OpenGL.framework/Versions/A/Resources/GLRendererFloat.bundle/GLRendererFloat
0x000000010ecbc000 	cl_kernels

VM Arguments:
jvm_args: -Dfile.encoding=UTF-8 
java_command: gpuhash.GPUhash
java_class_path (initial): /Users/Iris/Documents/MIUN/Thesis/Code/GPUhash/lib/jocl-2.0.0.jar:/Users/Iris/Documents/MIUN/Thesis/Code/GPUhash/build/classes
Launcher Type: SUN_STANDARD

Environment Variables:
PATH=/usr/bin:/bin:/usr/sbin:/sbin
LD_LIBRARY_PATH=/Library/Java/JavaVirtualMachines/jdk1.8.0_60.jdk/Contents/Home/jre/lib/amd64:/Library/Java/JavaVirtualMachines/jdk1.8.0_60.jdk/Contents/Home/jre/lib/i386:
SHELL=/bin/bash

Signal Handlers:
SIGSEGV: [libjvm.dylib+0x5a6d31], sa_mask[0]=11111111011111110111111111111111, sa_flags=SA_ONSTACK|SA_RESTART|SA_SIGINFO
SIGBUS: [libjvm.dylib+0x5a6d31], sa_mask[0]=11111111011111110111111111111111, sa_flags=SA_RESTART|SA_SIGINFO
SIGFPE: [libjvm.dylib+0x480a4c], sa_mask[0]=11111111011111110111111111111111, sa_flags=SA_RESTART|SA_SIGINFO
SIGPIPE: [libjvm.dylib+0x480a4c], sa_mask[0]=11111111011111110111111111111111, sa_flags=SA_RESTART|SA_SIGINFO
SIGXFSZ: [libjvm.dylib+0x480a4c], sa_mask[0]=11111111011111110111111111111111, sa_flags=SA_RESTART|SA_SIGINFO
SIGILL: [libjvm.dylib+0x480a4c], sa_mask[0]=11111111011111110111111111111111, sa_flags=SA_RESTART|SA_SIGINFO
SIGUSR1: SIG_DFL, sa_mask[0]=11011111011111100000000111000110, sa_flags=none
SIGUSR2: [libjvm.dylib+0x48056a], sa_mask[0]=00100000000000000000000000000000, sa_flags=SA_RESTART|SA_SIGINFO
SIGHUP: [libjvm.dylib+0x47eb41], sa_mask[0]=11111111011111110111111111111111, sa_flags=SA_RESTART|SA_SIGINFO
SIGINT: SIG_IGN, sa_mask[0]=00000000000000000000000000000000, sa_flags=none
SIGTERM: [libjvm.dylib+0x47eb41], sa_mask[0]=11111111011111110111111111111111, sa_flags=SA_RESTART|SA_SIGINFO
SIGQUIT: [libjvm.dylib+0x47eb41], sa_mask[0]=11111111011111110111111111111111, sa_flags=SA_RESTART|SA_SIGINFO


---------------  S Y S T E M  ---------------

OS:Bsduname:Darwin 17.5.0 Darwin Kernel Version 17.5.0: Mon Mar  5 22:24:32 PST 2018; root:xnu-4570.51.1~1/RELEASE_X86_64 x86_64
rlimit: STACK 8192k, CORE 0k, NPROC 709, NOFILE 10240, AS infinity
load average:2.19 2.03 1.92

CPU:total 4 (2 cores per cpu, 2 threads per core) family 6 model 61 stepping 4, cmov, cx8, fxsr, mmx, sse, sse2, sse3, ssse3, sse4.1, sse4.2, popcnt, avx, avx2, aes, clmul, erms, 3dnowpref, lzcnt, ht, tsc, tscinvbit, bmi1, bmi2, adx

Memory: 4k page, physical 8388608k(116032k free)

/proc/meminfo:


vm_info: Java HotSpot(TM) 64-Bit Server VM (25.60-b23) for bsd-amd64 JRE (1.8.0_60-b27), built on Aug  4 2015 10:47:24 by "java_re" with gcc 4.2.1 (Based on Apple Inc. build 5658) (LLVM build 2336.11.00)

time: Tue May  1 21:45:58 2018
elapsed time: 0 seconds (0d 0h 0m 0s)

